#
# A fatal error has been detected by the Java Runtime Environment:
#
#  Internal Error (relocInfo_x86.cpp:77), pid=3820, tid=3132
#  Error: ShouldNotReachHere()
#
# JRE version: 6.0_31-b05
# Java VM: Java HotSpot(TM) 64-Bit Server VM (20.6-b01 mixed mode windows-amd64 compressed oops)
# If you would like to submit a bug report, please visit:
#   http://java.sun.com/webapps/bugreport/crash.jsp
#

---------------  T H R E A D  ---------------

Current thread (0x000000000002e000):  JavaThread "main" [_thread_in_vm, id=3132, stack(0x0000000001f50000,0x0000000002050000)]

Stack: [0x0000000001f50000,0x0000000002050000]
Java frames: (J=compiled Java code, j=interpreted, Vv=VM code)
j  sun.misc.SharedSecrets.<clinit>()V+0
v  ~StubRoutines::call_stub
j  java.security.AccessControlContext.<clinit>()V+15
v  ~StubRoutines::call_stub
j  java.security.AccessController.getStackAccessControlContext()Ljava/security/AccessControlContext;+0
j  java.security.AccessController.getContext()Ljava/security/AccessControlContext;+0
j  java.lang.Thread.init(Ljava/lang/ThreadGroup;Ljava/lang/Runnable;Ljava/lang/String;J)V+135
j  java.lang.Thread.<init>(Ljava/lang/ThreadGroup;Ljava/lang/String;)V+45
v  ~StubRoutines::call_stub

---------------  P R O C E S S  ---------------

Java Threads: ( => current thread )
=>0x000000000002e000 JavaThread "main" [_thread_in_vm, id=3132, stack(0x0000000001f50000,0x0000000002050000)]

Other Threads:
  0x00000000002a2000 VMThread [stack: 0x0000000005880000,0x0000000005980000] [id=624]

VM state:not at safepoint (normal execution)

VM Mutex/Monitor currently owned by a thread:  ([mutex/lock_event])
[0x000000000002b830] CodeCache_lock - owner thread: 0x000000000002e000
[0x000000000002c960] AdapterHandlerLibrary_lock - owner thread: 0x000000000002e000

Heap
 PSYoungGen      total 9536K, used 163K [0x00000000f5560000, 0x00000000f6000000, 0x0000000100000000)
  eden space 8192K, 2% used [0x00000000f5560000,0x00000000f5588f68,0x00000000f5d60000)
  from space 1344K, 0% used [0x00000000f5eb0000,0x00000000f5eb0000,0x00000000f6000000)
  to   space 1344K, 0% used [0x00000000f5d60000,0x00000000f5d60000,0x00000000f5eb0000)
 PSOldGen        total 21888K, used 0K [0x00000000e0000000, 0x00000000e1560000, 0x00000000f5560000)
  object space 21888K, 0% used [0x00000000e0000000,0x00000000e0000000,0x00000000e1560000)
 PSPermGen       total 21248K, used 821K [0x00000000dae00000, 0x00000000dc2c0000, 0x00000000e0000000)
  object space 21248K, 3% used [0x00000000dae00000,0x00000000daecd7d0,0x00000000dc2c0000)

Code Cache  [0x0000000002080000, 0x00000000022f0000, 0x0000000005080000)
 total_blobs=74 nmethods=0 adapters=48 free_code_cache=49992000 largest_free_block=384

Dynamic libraries:
0x0000000000400000 - 0x000000000042f000 	C:\Program Files\Java\jre6\bin\java.exe
0x0000000077240000 - 0x00000000773e9000 	C:\Windows\SYSTEM32\ntdll.dll
0x0000000077120000 - 0x000000007723f000 	C:\Windows\system32\kernel32.dll
0x000007fefd2e0000 - 0x000007fefd34c000 	C:\Windows\system32\KERNELBASE.dll
0x000007fefe9f0000 - 0x000007fefeacb000 	C:\Windows\system32\ADVAPI32.dll
0x000007fefef10000 - 0x000007fefefaf000 	C:\Windows\system32\msvcrt.dll
0x000007fefe8a0000 - 0x000007fefe8bf000 	C:\Windows\SYSTEM32\sechost.dll
0x000007fefe8c0000 - 0x000007fefe9ed000 	C:\Windows\system32\RPCRT4.dll
0x0000000077020000 - 0x000000007711a000 	C:\Windows\system32\USER32.dll
0x000007feff330000 - 0x000007feff397000 	C:\Windows\system32\GDI32.dll
0x000007feff1b0000 - 0x000007feff1be000 	C:\Windows\system32\LPK.dll
0x000007feff480000 - 0x000007feff549000 	C:\Windows\system32\USP10.dll
0x000007fefd880000 - 0x000007fefd8ae000 	C:\Windows\system32\IMM32.DLL
0x000007fefd560000 - 0x000007fefd669000 	C:\Windows\system32\MSCTF.dll
0x000000006d800000 - 0x000000006dfb8000 	C:\Program Files\Java\jre6\bin\server\jvm.dll
0x000007fefaef0000 - 0x000007fefaf2b000 	C:\Windows\system32\WINMM.dll
0x000000006d770000 - 0x000000006d77e000 	C:\Program Files\Java\jre6\bin\verify.dll
0x000000006d3b0000 - 0x000000006d3d7000 	C:\Program Files\Java\jre6\bin\java.dll
0x000000006d7c0000 - 0x000000006d7d2000 	C:\Program Files\Java\jre6\bin\zip.dll
0x0000000077410000 - 0x0000000077417000 	C:\Windows\system32\PSAPI.DLL

VM Arguments:
jvm_args: -Dderby.system.home=. -Dfile.encoding=Cp1250 
java_command: org.apache.derby.drda.NetworkServerControl start -h localhost -p 1527
Launcher Type: SUN_STANDARD

Environment Variables:
PATH=C:\Windows\system32;C:\Windows;C:\Windows\System32\Wbem;C:\Windows\System32\WindowsPowerShell\v1.0\;C:\Program Files (x86)\Microsoft SQL Server\100\Tools\Binn\;C:\Program Files\Microsoft SQL Server\100\Tools\Binn\;C:\Program Files\Microsoft SQL Server\100\DTS\Binn\
USERNAME=Programing
OS=Windows_NT
PROCESSOR_IDENTIFIER=Intel64 Family 6 Model 15 Stepping 2, GenuineIntel



---------------  S Y S T E M  ---------------

OS: Windows 7 , 64 bit Build 7601 Service Pack 1

CPU:total 2 (2 cores per cpu, 1 threads per core) family 6 model 15 stepping 2, cmov, cx8, fxsr, mmx, sse, sse2, sse3, ssse3

Memory: 4k page, physical 2096440k(698916k free), swap 4192880k(1943412k free)

vm_info: Java HotSpot(TM) 64-Bit Server VM (20.6-b01) for windows-amd64 JRE (1.6.0_31-b05), built on Feb  3 2012 18:34:57 by "java_re" with MS VC++ 8.0 (VS2005)

time: Sun Aug 26 12:07:26 2012
elapsed time: 0 seconds

